Using pre-set license

 COMMAND LINE ARGUMENTS:
/Applications/Unity/Hub/Editor/2020.2.0b2/Unity.app/Contents/MacOS/Unity
-adb2
-batchMode
-noUpm
-name
AssetImportWorker0
-projectPath
/Users/Cubby/Documents/Living in Code/Tutorial Games/Inventory-System-Tutorial/Inventory System Tutorial
-logFile
Logs/AssetImportWorker0.log
-srvPort
59046
Successfully changed project path to: /Users/Cubby/Documents/Living in Code/Tutorial Games/Inventory-System-Tutorial/Inventory System Tutorial
/Users/Cubby/Documents/Living in Code/Tutorial Games/Inventory-System-Tutorial/Inventory System Tutorial
Using Asset Import Pipeline V2.
Refreshing native plugins compatible for Editor in 74.33 ms, found 2 plugins.
Preloading 0 native plugins for Editor in 0.00 ms.
Initialize engine version: 2020.2.0b2 (90b2443a8df1)
[Subsystems] Discovering subsystems at path /Applications/Unity/Hub/Editor/2020.2.0b2/Unity.app/Contents/Resources/UnitySubsystems
[Subsystems] Discovering subsystems at path /Users/Cubby/Documents/Living in Code/Tutorial Games/Inventory-System-Tutorial/Inventory System Tutorial/Assets
GfxDevice: creating device client; threaded=0
2020-10-04 13:27:27.835 Unity[34997:1094009] Color LCD preferred device: Intel(R) Iris(TM) Graphics 6000 (low power)
2020-10-04 13:27:27.835 Unity[34997:1094009] Metal devices available: 1
2020-10-04 13:27:27.835 Unity[34997:1094009] 0: Intel(R) Iris(TM) Graphics 6000 (low power)
2020-10-04 13:27:27.836 Unity[34997:1094009] Using device Intel(R) Iris(TM) Graphics 6000 (low power)
Initializing Metal device caps: Intel(R) Iris(TM) Graphics 6000
Initialize mono
Mono path[0] = '/Applications/Unity/Hub/Editor/2020.2.0b2/Unity.app/Contents/Managed'
Mono path[1] = '/Applications/Unity/Hub/Editor/2020.2.0b2/Unity.app/Contents/MonoBleedingEdge/lib/mono/unityjit'
Mono config path = '/Applications/Unity/Hub/Editor/2020.2.0b2/Unity.app/Contents/MonoBleedingEdge/etc'
Using monoOptions --debugger-agent=transport=dt_socket,embedding=1,server=y,suspend=n,address=127.0.0.1:56997
Begin MonoManager ReloadAssembly
Registering precompiled unity dll's ...
Register platform support module: /Applications/Unity/Hub/Editor/2020.2.0b2/PlaybackEngines/WebGLSupport/UnityEditor.WebGL.Extensions.dll
Register platform support module: /Applications/Unity/Hub/Editor/2020.2.0b2/Unity.app/Contents/PlaybackEngines/MacStandaloneSupport/UnityEditor.OSXStandalone.Extensions.dll
Register platform support module: /Applications/Unity/Hub/Editor/2020.2.0b2/PlaybackEngines/WindowsStandaloneSupport/UnityEditor.WindowsStandalone.Extensions.dll
Register platform support module: /Applications/Unity/Hub/Editor/2020.2.0b2/PlaybackEngines/LinuxStandaloneSupport/UnityEditor.LinuxStandalone.Extensions.dll
Registered in 0.018648 seconds.
Native extension for LinuxStandalone target not found
Native extension for WindowsStandalone target not found
Native extension for OSXStandalone target not found
Native extension for WebGL target not found
Refreshing native plugins compatible for Editor in 87.60 ms, found 2 plugins.
Preloading 0 native plugins for Editor in 0.00 ms.
Invoked RoslynAnalysisRunner static constructor.
RoslynAnalysisRunner will not be running.
RoslynAnalysisRunner has terminated.
Mono: successfully reloaded assembly
- Completed reload, in 13.248 seconds
Registering precompiled user dll's ...
Registered in 0.254981 seconds.
Platform modules already initialized, skipping
Begin MonoManager ReloadAssembly
Symbol file LoadedFromMemory doesn't match image /Users/Cubby/Documents/Living in Code/Tutorial Games/Inventory-System-Tutorial/Inventory System Tutorial/Library/PackageCache/com.unity.ext.nunit@1.0.0/net35/unity-custom/nunit.framework.dll
Native extension for LinuxStandalone target not found
Native extension for WindowsStandalone target not found
Native extension for OSXStandalone target not found
Native extension for WebGL target not found
Refreshing native plugins compatible for Editor in 83.11 ms, found 2 plugins.
Preloading 0 native plugins for Editor in 0.00 ms.
Invoked RoslynAnalysisRunner static constructor.
RoslynAnalysisRunner will not be running.
RoslynAnalysisRunner has terminated.
Mono: successfully reloaded assembly
- Completed reload, in  2.218 seconds
Platform modules already initialized, skipping
========================================================================
Worker process is ready to serve import requests
Launching external process: /Applications/Unity/Hub/Editor/2020.2.0b2/Unity.app/Contents/Tools/UnityShaderCompiler
Launched and connected shader compiler UnityShaderCompiler after 0.03 seconds
Refreshing native plugins compatible for Editor in 0.56 ms, found 2 plugins.
Preloading 0 native plugins for Editor in 0.00 ms.
Unloading 1778 Unused Serialized files (Serialized files now loaded: 0)
System memory in use before: 147.4 MB.
System memory in use after: 147.4 MB.

Unloading 12 unused Assets to reduce memory usage. Loaded Objects now: 2217.
Total: 6.801330 ms (FindLiveObjects: 0.658379 ms CreateObjectMapping: 0.164718 ms MarkObjects: 5.347246 ms  DeleteObjects: 0.627670 ms)

========================================================================
Received Import Request.
  path: Assets/Sunnyland/artwork/Environment
  artifactKey: Guid(7174750bdca91466fa784bba50da49b4) Importer(815301076,1909f56bfc062723c751e8b465ee728b)
Start importing Assets/Sunnyland/artwork/Environment using Guid(7174750bdca91466fa784bba50da49b4) Importer(815301076,1909f56bfc062723c751e8b465ee728b)  -> (artifact id: '5ff80190e73205130875ec5b5ddc8ddc') in 0.008942 seconds
  Import took 0.024519 seconds .

========================================================================
Received Import Request.
  Time since last request: 0.009425 seconds.
  path: Assets/Sunnyland/artwork/Sprites/Items
  artifactKey: Guid(b43334bbe1d1849df80f90877d981b8b) Importer(815301076,1909f56bfc062723c751e8b465ee728b)
Start importing Assets/Sunnyland/artwork/Sprites/Items using Guid(b43334bbe1d1849df80f90877d981b8b) Importer(815301076,1909f56bfc062723c751e8b465ee728b)  -> (artifact id: '90d0236215e6416ceb76dab01fce9524') in 0.003332 seconds
  Import took 0.015556 seconds .

========================================================================
Received Import Request.
  Time since last request: 0.000376 seconds.
  path: Assets
  artifactKey: Guid(00000000000000001000000000000000) Importer(815301076,1909f56bfc062723c751e8b465ee728b)
Start importing Assets using Guid(00000000000000001000000000000000) Importer(815301076,1909f56bfc062723c751e8b465ee728b)  -> (artifact id: '6b84992ca9167a44b684cd308b8a86db') in 0.003460 seconds
  Import took 0.011603 seconds .

========================================================================
Received Import Request.
  Time since last request: 0.000332 seconds.
  path: Assets/Scenes
  artifactKey: Guid(416ccf043a459411abb33b2475769a58) Importer(815301076,1909f56bfc062723c751e8b465ee728b)
Start importing Assets/Scenes using Guid(416ccf043a459411abb33b2475769a58) Importer(815301076,1909f56bfc062723c751e8b465ee728b)  -> (artifact id: 'e49b711c37c6f8cb31e571e5c64a6ba7') in 0.002877 seconds
  Import took 0.012224 seconds .

========================================================================
Received Import Request.
  Time since last request: 0.001227 seconds.
  path: Assets/Sunnyland/artwork/Sprites/Fx
  artifactKey: Guid(879348f5081814f15b74a637aff1805d) Importer(815301076,1909f56bfc062723c751e8b465ee728b)
Start importing Assets/Sunnyland/artwork/Sprites/Fx using Guid(879348f5081814f15b74a637aff1805d) Importer(815301076,1909f56bfc062723c751e8b465ee728b)  -> (artifact id: '27d42157b5e27fa7cbe984a56eeecbc1') in 0.003029 seconds
  Import took 0.015432 seconds .

========================================================================
Received Import Request.
  Time since last request: 0.002629 seconds.
  path: Assets/Sunnyland/artwork/Sprites/Items/gem
  artifactKey: Guid(17f597b0b8c304eab96c9cd958dd1ec9) Importer(815301076,1909f56bfc062723c751e8b465ee728b)
Start importing Assets/Sunnyland/artwork/Sprites/Items/gem using Guid(17f597b0b8c304eab96c9cd958dd1ec9) Importer(815301076,1909f56bfc062723c751e8b465ee728b)  -> (artifact id: '6af4b16a6f58cdae933f175dc822db82') in 0.003934 seconds
  Import took 0.013317 seconds .

========================================================================
Received Import Request.
  Time since last request: 0.003125 seconds.
  path: Assets/Sunnyland/Scenes/demo.unity
  artifactKey: Guid(cbd2611183a8d41e8b5ae48b2b35bbf1) Importer(815301076,1909f56bfc062723c751e8b465ee728b)
Start importing Assets/Sunnyland/Scenes/demo.unity using Guid(cbd2611183a8d41e8b5ae48b2b35bbf1) Importer(815301076,1909f56bfc062723c751e8b465ee728b)  -> (artifact id: 'e0b4ac20408ec0e12d36f95c83916a2f') in 0.091763 seconds
  Import took 0.214502 seconds .

========================================================================
Received Import Request.
  Time since last request: 0.032090 seconds.
  path: Assets/Sunnyland/artwork/Sprites/Enemies
  artifactKey: Guid(c7f1351336fe548caa5323a57a6c930a) Importer(815301076,1909f56bfc062723c751e8b465ee728b)
Start importing Assets/Sunnyland/artwork/Sprites/Enemies using Guid(c7f1351336fe548caa5323a57a6c930a) Importer(815301076,1909f56bfc062723c751e8b465ee728b)  -> (artifact id: '595d14b87863eaad8a5fec37e52bc112') in 0.004372 seconds
  Import took 0.017438 seconds .

========================================================================
Received Import Request.
  Time since last request: 0.001181 seconds.
  path: Assets/Sunnyland/Scenes
  artifactKey: Guid(5067ec585fac34dd6937038f96d8136d) Importer(815301076,1909f56bfc062723c751e8b465ee728b)
Start importing Assets/Sunnyland/Scenes using Guid(5067ec585fac34dd6937038f96d8136d) Importer(815301076,1909f56bfc062723c751e8b465ee728b)  -> (artifact id: 'f2a79d340d162f1a1761e1c2e07aa478') in 0.005993 seconds
  Import took 0.018532 seconds .

========================================================================
Received Import Request.
  Time since last request: 0.011706 seconds.
  path: Assets/Sunnyland/artwork/Sprites/Items/cherry
  artifactKey: Guid(2b25fb0d2fb6b4c5f8439e2d629b7e73) Importer(815301076,1909f56bfc062723c751e8b465ee728b)
Start importing Assets/Sunnyland/artwork/Sprites/Items/cherry using Guid(2b25fb0d2fb6b4c5f8439e2d629b7e73) Importer(815301076,1909f56bfc062723c751e8b465ee728b)  -> (artifact id: '6d10be93895cbfb0282d2ca49925bc38') in 0.003464 seconds
  Import took 0.015348 seconds .

========================================================================
Received Import Request.
  Time since last request: 0.008906 seconds.
  path: Assets/Sunnyland
  artifactKey: Guid(8ecf83f520e024f169bf29bb2d1fac9f) Importer(815301076,1909f56bfc062723c751e8b465ee728b)
Start importing Assets/Sunnyland using Guid(8ecf83f520e024f169bf29bb2d1fac9f) Importer(815301076,1909f56bfc062723c751e8b465ee728b)  -> (artifact id: '818ffdd4a89f1d50f9c0d8189bd07876') in 0.003047 seconds
  Import took 0.028629 seconds .

========================================================================
Received Import Request.
  Time since last request: 0.000543 seconds.
  path: Assets/Sunnyland/artwork
  artifactKey: Guid(2f17d1e6a207e4d8eb72bd03b1b645ac) Importer(815301076,1909f56bfc062723c751e8b465ee728b)
Start importing Assets/Sunnyland/artwork using Guid(2f17d1e6a207e4d8eb72bd03b1b645ac) Importer(815301076,1909f56bfc062723c751e8b465ee728b)  -> (artifact id: 'e2ef1c8046d86dd7ad99f0bd1115d413') in 0.003396 seconds
  Import took 0.022284 seconds .

========================================================================
Received Import Request.
  Time since last request: 0.003873 seconds.
  path: Assets/Sunnyland/artwork/Sprites
  artifactKey: Guid(b6238935cfd4648cf866141c0ee28c85) Importer(815301076,1909f56bfc062723c751e8b465ee728b)
Start importing Assets/Sunnyland/artwork/Sprites using Guid(b6238935cfd4648cf866141c0ee28c85) Importer(815301076,1909f56bfc062723c751e8b465ee728b)  -> (artifact id: '49dca840e30ecd4466e59299c9e24205') in 0.002993 seconds
  Import took 0.022663 seconds .

========================================================================
Received Import Request.
  Time since last request: 50.281740 seconds.
  path: Assets/Scenes/SampleScene.unity
  artifactKey: Guid(2cda990e2423bbf4892e6590ba056729) Importer(815301076,1909f56bfc062723c751e8b465ee728b)
Start importing Assets/Scenes/SampleScene.unity using Guid(2cda990e2423bbf4892e6590ba056729) Importer(815301076,1909f56bfc062723c751e8b465ee728b)  -> (artifact id: 'bc201a8d9d3406b0cc5c0f7cf344760a') in 0.006087 seconds
  Import took 0.017786 seconds .

========================================================================
Received Import Request.
  Time since last request: 3.512526 seconds.
  path: Assets/RPG_inventory_icons
  artifactKey: Guid(0a6c5d1d3d0ae43a398b6c91899fc7f2) Importer(815301076,1909f56bfc062723c751e8b465ee728b)
Start importing Assets/RPG_inventory_icons using Guid(0a6c5d1d3d0ae43a398b6c91899fc7f2) Importer(815301076,1909f56bfc062723c751e8b465ee728b)  -> (artifact id: '223797608b94cecaf04e60eb218e20e5') in 0.004067 seconds
  Import took 0.013709 seconds .

========================================================================
Received Import Request.
  Time since last request: 0.873520 seconds.
  path: Assets/RPG_inventory_icons/apple.png
  artifactKey: Guid(5d9ba4e7d0964044ea54abe409d81dfd) Importer(815301076,1909f56bfc062723c751e8b465ee728b)
Start importing Assets/RPG_inventory_icons/apple.png using Guid(5d9ba4e7d0964044ea54abe409d81dfd) Importer(815301076,1909f56bfc062723c751e8b465ee728b)  -> (artifact id: '5e009f16e67111c8315484099436047d') in 1.332211 seconds
  Import took 1.341398 seconds .

========================================================================
Received Import Request.
  Time since last request: 27.904606 seconds.
  path: Assets/Sunnyland/artwork/Environment/back.png
  artifactKey: Guid(8e160a2a620644cd6afef9119dad1093) Importer(815301076,1909f56bfc062723c751e8b465ee728b)
Start importing Assets/Sunnyland/artwork/Environment/back.png using Guid(8e160a2a620644cd6afef9119dad1093) Importer(815301076,1909f56bfc062723c751e8b465ee728b)  -> (artifact id: 'abc265bdfcd08591baeb5edffcd76911') in 0.040541 seconds
  Import took 0.074664 seconds .

========================================================================
Received Import Request.
  Time since last request: 0.014626 seconds.
  path: Assets/Sunnyland/artwork/Environment/back.png
  artifactKey: Guid(8e160a2a620644cd6afef9119dad1093) Importer(815301076,1909f56bfc062723c751e8b465ee728b)
Start importing Assets/Sunnyland/artwork/Environment/back.png using Guid(8e160a2a620644cd6afef9119dad1093) Importer(815301076,1909f56bfc062723c751e8b465ee728b)  -> (artifact id: 'abc265bdfcd08591baeb5edffcd76911') in 0.023696 seconds
  Import took 0.032884 seconds .

========================================================================
Received Import Request.
  Time since last request: 4.314825 seconds.
  path: Assets/Sunnyland/artwork/Environment/tileset-sliced.png
  artifactKey: Guid(261212b977f594d5dbc48631a5c1295c) Importer(815301076,1909f56bfc062723c751e8b465ee728b)
Start importing Assets/Sunnyland/artwork/Environment/tileset-sliced.png using Guid(261212b977f594d5dbc48631a5c1295c) Importer(815301076,1909f56bfc062723c751e8b465ee728b)  -> (artifact id: '91112d8f6900d42d0a85883bf1c7d51e') in 0.792786 seconds
  Import took 0.802383 seconds .

========================================================================
Received Import Request.
  Time since last request: 12.202370 seconds.
  path: Assets/Sunnyland/artwork/Environment/back.png
  artifactKey: Guid(8e160a2a620644cd6afef9119dad1093) Importer(815301076,1909f56bfc062723c751e8b465ee728b)
Start importing Assets/Sunnyland/artwork/Environment/back.png using Guid(8e160a2a620644cd6afef9119dad1093) Importer(815301076,1909f56bfc062723c751e8b465ee728b)  -> (artifact id: '41276ce4ebc493a2ec170d4e3d08b4cb') in 0.040712 seconds
  Import took 0.051364 seconds .

========================================================================
Received Import Request.
  Time since last request: 8.788050 seconds.
  path: Assets/Sunnyland/artwork/Environment/back.png
  artifactKey: Guid(8e160a2a620644cd6afef9119dad1093) Importer(815301076,1909f56bfc062723c751e8b465ee728b)
Start importing Assets/Sunnyland/artwork/Environment/back.png using Guid(8e160a2a620644cd6afef9119dad1093) Importer(815301076,1909f56bfc062723c751e8b465ee728b)  -> (artifact id: 'd9ba79bddd8ac7a7fddebe943e3154ea') in 0.037452 seconds
  Import took 0.049056 seconds .

========================================================================
Received Import Request.
  Time since last request: 9.744248 seconds.
  path: Assets/Sunnyland/artwork/Environment/back.png
  artifactKey: Guid(8e160a2a620644cd6afef9119dad1093) Importer(815301076,1909f56bfc062723c751e8b465ee728b)
Start importing Assets/Sunnyland/artwork/Environment/back.png using Guid(8e160a2a620644cd6afef9119dad1093) Importer(815301076,1909f56bfc062723c751e8b465ee728b)  -> (artifact id: '667291bf26d7ebdb3e68bdfbf113c86e') in 0.039767 seconds
  Import took 0.047207 seconds .

========================================================================
Received Import Request.
  Time since last request: 17.032164 seconds.
  path: ProjectSettings/TagManager.asset
  artifactKey: Guid(00000000000000003000000000000000) Importer(815301076,1909f56bfc062723c751e8b465ee728b)
Start importing ProjectSettings/TagManager.asset using Guid(00000000000000003000000000000000) Importer(815301076,1909f56bfc062723c751e8b465ee728b)  -> (artifact id: '0ea4ec6f7ac3f5e7257510f589f8b90f') in 3.724539 seconds
  Import took 3.731879 seconds .

========================================================================
Received Import Request.
  Time since last request: 109.644051 seconds.
  path: Assets/Sunnyland/artwork/Environment/props
  artifactKey: Guid(15e7312e0607f4e84aeacdc44a70744c) Importer(815301076,1909f56bfc062723c751e8b465ee728b)
Start importing Assets/Sunnyland/artwork/Environment/props using Guid(15e7312e0607f4e84aeacdc44a70744c) Importer(815301076,1909f56bfc062723c751e8b465ee728b)  -> (artifact id: '74b688a26a0fbed388c20283b23c5ee9') in 0.006682 seconds
  Import took 0.020364 seconds .

========================================================================
Received Import Request.
  Time since last request: 1.804821 seconds.
  path: Assets/Sunnyland/artwork/Environment/tileset.png
  artifactKey: Guid(3b66e1a27c9634fe9a4746c47eeda7cc) Importer(815301076,1909f56bfc062723c751e8b465ee728b)
Start importing Assets/Sunnyland/artwork/Environment/tileset.png using Guid(3b66e1a27c9634fe9a4746c47eeda7cc) Importer(815301076,1909f56bfc062723c751e8b465ee728b)  -> (artifact id: 'd764d387f862b6d80744934cc1074572') in 0.077852 seconds
  Import took 0.087368 seconds .

========================================================================
Received Import Request.
  Time since last request: 17.854094 seconds.
  path: Assets/Sunnyland/artwork/Environment/tileset-sliced.png
  artifactKey: Guid(261212b977f594d5dbc48631a5c1295c) Importer(815301076,1909f56bfc062723c751e8b465ee728b)
Start importing Assets/Sunnyland/artwork/Environment/tileset-sliced.png using Guid(261212b977f594d5dbc48631a5c1295c) Importer(815301076,1909f56bfc062723c751e8b465ee728b)  -> (artifact id: '7b3d3cb4582d91fa99628fbdfb1beea2') in 0.492840 seconds
  Import took 0.504241 seconds .

========================================================================
Received Import Request.
  Time since last request: 70.465765 seconds.
  path: Assets/Sunnyland/artwork/Environment/tileset-sliced.png
  artifactKey: Guid(261212b977f594d5dbc48631a5c1295c) Importer(815301076,1909f56bfc062723c751e8b465ee728b)
Start importing Assets/Sunnyland/artwork/Environment/tileset-sliced.png using Guid(261212b977f594d5dbc48631a5c1295c) Importer(815301076,1909f56bfc062723c751e8b465ee728b)  -> (artifact id: 'e9d9ab404391b8cc4140462906d6f9a1') in 0.522989 seconds
  Import took 0.550560 seconds .

========================================================================
Received Import Request.
  Time since last request: 8.024408 seconds.
  path: Assets/Sunnyland/artwork/Environment/tileset-sliced.png
  artifactKey: Guid(261212b977f594d5dbc48631a5c1295c) Importer(815301076,1909f56bfc062723c751e8b465ee728b)
Start importing Assets/Sunnyland/artwork/Environment/tileset-sliced.png using Guid(261212b977f594d5dbc48631a5c1295c) Importer(815301076,1909f56bfc062723c751e8b465ee728b)  -> (artifact id: '470d9eaee8e08bc41f8281eae230c7d6') in 0.686164 seconds
  Import took 0.694692 seconds .

========================================================================
Received Import Request.
  Time since last request: 6.293174 seconds.
  path: Assets/Sunnyland/artwork/Environment/tileset-sliced.png
  artifactKey: Guid(261212b977f594d5dbc48631a5c1295c) Importer(815301076,1909f56bfc062723c751e8b465ee728b)
Start importing Assets/Sunnyland/artwork/Environment/tileset-sliced.png using Guid(261212b977f594d5dbc48631a5c1295c) Importer(815301076,1909f56bfc062723c751e8b465ee728b)  -> (artifact id: '5ac4ef15d17c0a23eda6c1166ee35300') in 0.481386 seconds
  Import took 0.489897 seconds .

========================================================================
Received Import Request.
  Time since last request: 84.243311 seconds.
  path: Assets/Sunnyland/artwork/Environment/tileset-sliced.png
  artifactKey: Guid(261212b977f594d5dbc48631a5c1295c) Importer(815301076,1909f56bfc062723c751e8b465ee728b)
Start importing Assets/Sunnyland/artwork/Environment/tileset-sliced.png using Guid(261212b977f594d5dbc48631a5c1295c) Importer(815301076,1909f56bfc062723c751e8b465ee728b)  -> (artifact id: 'aef6ee4284a565e70c4ca701eb21b8a6') in 0.522429 seconds
  Import took 0.535652 seconds .

========================================================================
Received Import Request.
  Time since last request: 6.949779 seconds.
  path: Assets/Tile Palletes
  artifactKey: Guid(9e19dcbd5ac2e4c32af9ec874862482d) Importer(815301076,1909f56bfc062723c751e8b465ee728b)
Start importing Assets/Tile Palletes using Guid(9e19dcbd5ac2e4c32af9ec874862482d) Importer(815301076,1909f56bfc062723c751e8b465ee728b)  -> (artifact id: '09803b10fa3b165e7806281944c6c283') in 0.004345 seconds
  Import took 0.019077 seconds .

========================================================================
Received Import Request.
  Time since last request: 0.653319 seconds.
  path: Assets/Tile Palletes/Palletes
  artifactKey: Guid(70c79fa2224de4c8bbc67aac99083876) Importer(815301076,1909f56bfc062723c751e8b465ee728b)
Start importing Assets/Tile Palletes/Palletes using Guid(70c79fa2224de4c8bbc67aac99083876) Importer(815301076,1909f56bfc062723c751e8b465ee728b)  -> (artifact id: '3c65d6d39af58bb729cba7413a09c64e') in 0.004963 seconds
  Import took 0.016802 seconds .

========================================================================
Received Import Request.
  Time since last request: 0.237475 seconds.
  path: Assets/Tile Palletes/Tiles
  artifactKey: Guid(70c7d8923a52b45e89baa2455f3fb4da) Importer(815301076,1909f56bfc062723c751e8b465ee728b)
Start importing Assets/Tile Palletes/Tiles using Guid(70c7d8923a52b45e89baa2455f3fb4da) Importer(815301076,1909f56bfc062723c751e8b465ee728b)  -> (artifact id: '4bc6764a2fc95084b2a8b054d0de8717') in 0.005972 seconds
  Import took 0.012827 seconds .

========================================================================
Received Import Request.
  Time since last request: 2.823873 seconds.
  path: Assets/Tile Palletes/Palletes/Environment.prefab
  artifactKey: Guid(a41d4099664f147dc96201b33225cd85) Importer(815301076,1909f56bfc062723c751e8b465ee728b)
Start importing Assets/Tile Palletes/Palletes/Environment.prefab using Guid(a41d4099664f147dc96201b33225cd85) Importer(815301076,1909f56bfc062723c751e8b465ee728b)  -> (artifact id: '50c1222e99de384e4179a7279a05c709') in 1.567140 seconds
  Import took 1.576872 seconds .

========================================================================
Received Import Request.
  Time since last request: 3.102905 seconds.
  path: Assets/Tile Palletes/Tiles/Environment
  artifactKey: Guid(6afe9295edef44585bf095bfff2a02e5) Importer(815301076,1909f56bfc062723c751e8b465ee728b)
Start importing Assets/Tile Palletes/Tiles/Environment using Guid(6afe9295edef44585bf095bfff2a02e5) Importer(815301076,1909f56bfc062723c751e8b465ee728b)  -> (artifact id: 'a83072b7fca72dae8f377c77d9a240f5') in 0.006331 seconds
  Import took 0.013828 seconds .

========================================================================
Received Import Request.
  Time since last request: 280.566384 seconds.
  path: Assets/Sunnyland/artwork/Environment/props/block.png
  artifactKey: Guid(8a8849b7b8b964564b9e89cb1ded0658) Importer(815301076,1909f56bfc062723c751e8b465ee728b)
Start importing Assets/Sunnyland/artwork/Environment/props/block.png using Guid(8a8849b7b8b964564b9e89cb1ded0658) Importer(815301076,1909f56bfc062723c751e8b465ee728b)  -> (artifact id: '36934189e2b8ff5689ba117407d65877') in 0.077775 seconds
  Import took 0.153863 seconds .

========================================================================
Received Import Request.
  Time since last request: 1.997329 seconds.
  path: Assets/Sunnyland/artwork/Environment/props/big-crate.png
  artifactKey: Guid(3fc2bbd409bf34ab6af1637bab569da1) Importer(815301076,1909f56bfc062723c751e8b465ee728b)
Start importing Assets/Sunnyland/artwork/Environment/props/big-crate.png using Guid(3fc2bbd409bf34ab6af1637bab569da1) Importer(815301076,1909f56bfc062723c751e8b465ee728b)  -> (artifact id: '426b28271b6dc58e31417a4bd1e6d8cf') in 0.035105 seconds
  Import took 0.052185 seconds .

========================================================================
Received Import Request.
  Time since last request: 0.014126 seconds.
  path: Assets/Sunnyland/artwork/Environment/props/big-crate.png
  artifactKey: Guid(3fc2bbd409bf34ab6af1637bab569da1) Importer(815301076,1909f56bfc062723c751e8b465ee728b)
Start importing Assets/Sunnyland/artwork/Environment/props/big-crate.png using Guid(3fc2bbd409bf34ab6af1637bab569da1) Importer(815301076,1909f56bfc062723c751e8b465ee728b)  -> (artifact id: '426b28271b6dc58e31417a4bd1e6d8cf') in 0.021278 seconds
  Import took 0.031751 seconds .

========================================================================
Received Import Request.
  Time since last request: 1.597119 seconds.
  path: Assets/Sunnyland/artwork/Environment/props/spikes.png
  artifactKey: Guid(0049772a1acaf4a49b69bb504ffe2669) Importer(815301076,1909f56bfc062723c751e8b465ee728b)
Start importing Assets/Sunnyland/artwork/Environment/props/spikes.png using Guid(0049772a1acaf4a49b69bb504ffe2669) Importer(815301076,1909f56bfc062723c751e8b465ee728b)  -> (artifact id: 'e9d994c3024cb6fa629ce283b9e4f017') in 0.012320 seconds
  Import took 0.018926 seconds .

========================================================================
Received Import Request.
  Time since last request: 5.887811 seconds.
  path: Assets/Sunnyland/artwork/Environment/props/spikes.png
  artifactKey: Guid(0049772a1acaf4a49b69bb504ffe2669) Importer(815301076,1909f56bfc062723c751e8b465ee728b)
Start importing Assets/Sunnyland/artwork/Environment/props/spikes.png using Guid(0049772a1acaf4a49b69bb504ffe2669) Importer(815301076,1909f56bfc062723c751e8b465ee728b)  -> (artifact id: 'ed61a8ec93056e986f82599adca3c757') in 0.019822 seconds
  Import took 0.029294 seconds .

========================================================================
Received Import Request.
  Time since last request: 0.384044 seconds.
  path: Assets/Sunnyland/artwork/Environment/props/spikes-top.png
  artifactKey: Guid(c6803a2a3fe7f45e786b788e8ddb6771) Importer(815301076,1909f56bfc062723c751e8b465ee728b)
Start importing Assets/Sunnyland/artwork/Environment/props/spikes-top.png using Guid(c6803a2a3fe7f45e786b788e8ddb6771) Importer(815301076,1909f56bfc062723c751e8b465ee728b)  -> (artifact id: 'e7f63d20656b063741fee4627413939a') in 0.024048 seconds
  Import took 0.031185 seconds .

========================================================================
Received Import Request.
  Time since last request: 280.040610 seconds.
  path: Assets/Sunnyland/artwork/Environment/middle.png
  artifactKey: Guid(de41d366c687a46beb6a9acaa88c12db) Importer(815301076,1909f56bfc062723c751e8b465ee728b)
Start importing Assets/Sunnyland/artwork/Environment/middle.png using Guid(de41d366c687a46beb6a9acaa88c12db) Importer(815301076,1909f56bfc062723c751e8b465ee728b)  -> (artifact id: '3161431a7431155eece0f6cb87b86cbc') in 0.047372 seconds
  Import took 0.060419 seconds .

========================================================================
Received Import Request.
  Time since last request: 4.916313 seconds.
  path: Assets/Sunnyland/artwork/Sprites/player
  artifactKey: Guid(c38f07c49aff74810b5ee46bc2a90197) Importer(815301076,1909f56bfc062723c751e8b465ee728b)
Start importing Assets/Sunnyland/artwork/Sprites/player using Guid(c38f07c49aff74810b5ee46bc2a90197) Importer(815301076,1909f56bfc062723c751e8b465ee728b)  -> (artifact id: '5a89c46b2bc48ac6f4b09e213b8c7440') in 0.006612 seconds
  Import took 0.019373 seconds .

========================================================================
Received Import Request.
  Time since last request: 0.509854 seconds.
  path: Assets/Sunnyland/artwork/Sprites/player/climb
  artifactKey: Guid(dc73f951b664d4f40a2fcda33eea4adb) Importer(815301076,1909f56bfc062723c751e8b465ee728b)
Start importing Assets/Sunnyland/artwork/Sprites/player/climb using Guid(dc73f951b664d4f40a2fcda33eea4adb) Importer(815301076,1909f56bfc062723c751e8b465ee728b)  -> (artifact id: '6c79de967b5ec42ad0a735160344e179') in 0.006975 seconds
  Import took 0.018650 seconds .

========================================================================
Received Import Request.
  Time since last request: 1.861076 seconds.
  path: Assets/Sunnyland/artwork/Sprites/player/idle
  artifactKey: Guid(a6784c39dc28a4834b763f55ec9d0408) Importer(815301076,1909f56bfc062723c751e8b465ee728b)
Start importing Assets/Sunnyland/artwork/Sprites/player/idle using Guid(a6784c39dc28a4834b763f55ec9d0408) Importer(815301076,1909f56bfc062723c751e8b465ee728b)  -> (artifact id: 'dc591decb092bbc5b4899fd6bb7493e9') in 0.004052 seconds
  Import took 0.015048 seconds .

========================================================================
Received Import Request.
  Time since last request: 4.380617 seconds.
  path: Assets/Sunnyland/artwork/Sprites/player/crouch
  artifactKey: Guid(4c9ebeabb610844eb88fb92140ac4cb7) Importer(815301076,1909f56bfc062723c751e8b465ee728b)
Start importing Assets/Sunnyland/artwork/Sprites/player/crouch using Guid(4c9ebeabb610844eb88fb92140ac4cb7) Importer(815301076,1909f56bfc062723c751e8b465ee728b)  -> (artifact id: '08b29678a57e10affb25d52ba529ba4d') in 0.006787 seconds
  Import took 0.012832 seconds .

========================================================================
Received Import Request.
  Time since last request: 0.981546 seconds.
  path: Assets/Sunnyland/artwork/Sprites/player/climb/player-climb-1.png
  artifactKey: Guid(be30195fa34cc45258a6ab7011cb297b) Importer(815301076,1909f56bfc062723c751e8b465ee728b)
Start importing Assets/Sunnyland/artwork/Sprites/player/climb/player-climb-1.png using Guid(be30195fa34cc45258a6ab7011cb297b) Importer(815301076,1909f56bfc062723c751e8b465ee728b)  -> (artifact id: '691d38ff2cc6ce28605ed085d855cb23') in 0.020458 seconds
  Import took 0.026786 seconds .

========================================================================
Received Import Request.
  Time since last request: 1.048113 seconds.
  path: Assets/Sunnyland/artwork/Sprites/player/climb/player-climb-2.png
  artifactKey: Guid(94cffd9e5ecd3497c9831ffe8ae1605c) Importer(815301076,1909f56bfc062723c751e8b465ee728b)
Start importing Assets/Sunnyland/artwork/Sprites/player/climb/player-climb-2.png using Guid(94cffd9e5ecd3497c9831ffe8ae1605c) Importer(815301076,1909f56bfc062723c751e8b465ee728b)  -> (artifact id: '6a69480558d0fa7b6612ba633d8bb627') in 0.022215 seconds
  Import took 0.029662 seconds .

========================================================================
Received Import Request.
  Time since last request: 0.423963 seconds.
  path: Assets/Sunnyland/artwork/Sprites/player/climb/player-climb-3.png
  artifactKey: Guid(eb5b673fa31e44bc9b15d686c24009da) Importer(815301076,1909f56bfc062723c751e8b465ee728b)
Start importing Assets/Sunnyland/artwork/Sprites/player/climb/player-climb-3.png using Guid(eb5b673fa31e44bc9b15d686c24009da) Importer(815301076,1909f56bfc062723c751e8b465ee728b)  -> (artifact id: 'd93b61b23f6f3307557db18d52b1c928') in 0.017421 seconds
  Import took 0.024872 seconds .

========================================================================
Received Import Request.
  Time since last request: 2.759618 seconds.
  path: Assets/Sunnyland/artwork/Sprites/player/crouch/player-crouch-1.png
  artifactKey: Guid(9878b6f1290ef41e88b30f08f68537fd) Importer(815301076,1909f56bfc062723c751e8b465ee728b)
Start importing Assets/Sunnyland/artwork/Sprites/player/crouch/player-crouch-1.png using Guid(9878b6f1290ef41e88b30f08f68537fd) Importer(815301076,1909f56bfc062723c751e8b465ee728b)  -> (artifact id: '02b13cd34a577fe55db1e22a6d1e41ef') in 0.018595 seconds
  Import took 0.028278 seconds .

========================================================================
Received Import Request.
  Time since last request: 1.042989 seconds.
  path: Assets/Sunnyland/artwork/Sprites/player/crouch/player-crouch-2.png
  artifactKey: Guid(448d57c5e4c694686badaba281a6adff) Importer(815301076,1909f56bfc062723c751e8b465ee728b)
Start importing Assets/Sunnyland/artwork/Sprites/player/crouch/player-crouch-2.png using Guid(448d57c5e4c694686badaba281a6adff) Importer(815301076,1909f56bfc062723c751e8b465ee728b)  -> (artifact id: 'be6d92a50093daf66d16b1126e13fcb0') in 0.015726 seconds
  Import took 0.023772 seconds .

========================================================================
Received Import Request.
  Time since last request: 1.816146 seconds.
  path: Assets/Sunnyland/artwork/Sprites/player/hurt
  artifactKey: Guid(568a44ad60821451c8f1c519a34666ef) Importer(815301076,1909f56bfc062723c751e8b465ee728b)
Start importing Assets/Sunnyland/artwork/Sprites/player/hurt using Guid(568a44ad60821451c8f1c519a34666ef) Importer(815301076,1909f56bfc062723c751e8b465ee728b)  -> (artifact id: 'b9e5ef8c670302300cad886feac68991') in 0.006589 seconds
  Import took 0.013805 seconds .

========================================================================
Received Import Request.
  Time since last request: 2.181683 seconds.
  path: Assets/Sunnyland/artwork/Sprites/player/jump
  artifactKey: Guid(731f9b2c4592c4e36bf859ade76b4d66) Importer(815301076,1909f56bfc062723c751e8b465ee728b)
Start importing Assets/Sunnyland/artwork/Sprites/player/jump using Guid(731f9b2c4592c4e36bf859ade76b4d66) Importer(815301076,1909f56bfc062723c751e8b465ee728b)  -> (artifact id: '79ae2cd877fb8c61af1f1c785db234b7') in 0.011807 seconds
  Import took 0.030796 seconds .

========================================================================
Received Import Request.
  Time since last request: 0.701982 seconds.
  path: Assets/Sunnyland/artwork/Sprites/player/run
  artifactKey: Guid(36eea592e53a047d6be03259ef1ee568) Importer(815301076,1909f56bfc062723c751e8b465ee728b)
Start importing Assets/Sunnyland/artwork/Sprites/player/run using Guid(36eea592e53a047d6be03259ef1ee568) Importer(815301076,1909f56bfc062723c751e8b465ee728b)  -> (artifact id: 'bdb1cdc867a524e8e60ad55ecd283a5a') in 0.007761 seconds
  Import took 0.015754 seconds .

========================================================================
Received Import Request.
  Time since last request: 0.001272 seconds.
  path: Assets/Sunnyland/artwork/Sprites/player/run
  artifactKey: Guid(36eea592e53a047d6be03259ef1ee568) Importer(815301076,1909f56bfc062723c751e8b465ee728b)
Start importing Assets/Sunnyland/artwork/Sprites/player/run using Guid(36eea592e53a047d6be03259ef1ee568) Importer(815301076,1909f56bfc062723c751e8b465ee728b)  -> (artifact id: 'bdb1cdc867a524e8e60ad55ecd283a5a') in 0.006409 seconds
  Import took 0.018392 seconds .

========================================================================
Received Import Request.
  Time since last request: 0.821605 seconds.
  path: Assets/Sunnyland/artwork/Sprites/player/jump/player-jump-1.png
  artifactKey: Guid(e2976d09b53264ffbbb9210a1ae1dcc0) Importer(815301076,1909f56bfc062723c751e8b465ee728b)
Start importing Assets/Sunnyland/artwork/Sprites/player/jump/player-jump-1.png using Guid(e2976d09b53264ffbbb9210a1ae1dcc0) Importer(815301076,1909f56bfc062723c751e8b465ee728b)  -> (artifact id: 'd23b1b38192034f6c160a00f8f090116') in 0.020082 seconds
  Import took 0.030915 seconds .

========================================================================
Received Import Request.
  Time since last request: 0.000642 seconds.
  path: Assets/Sunnyland/artwork/Sprites/player/jump/player-jump-1.png
  artifactKey: Guid(e2976d09b53264ffbbb9210a1ae1dcc0) Importer(815301076,1909f56bfc062723c751e8b465ee728b)
Start importing Assets/Sunnyland/artwork/Sprites/player/jump/player-jump-1.png using Guid(e2976d09b53264ffbbb9210a1ae1dcc0) Importer(815301076,1909f56bfc062723c751e8b465ee728b)  -> (artifact id: 'd23b1b38192034f6c160a00f8f090116') in 0.013571 seconds
  Import took 0.021419 seconds .

========================================================================
Received Import Request.
  Time since last request: 0.592861 seconds.
  path: Assets/Sunnyland/artwork/Sprites/player/jump/player-jump-2.png
  artifactKey: Guid(598fb1767626f42e992bb9c2769d86ea) Importer(815301076,1909f56bfc062723c751e8b465ee728b)
Start importing Assets/Sunnyland/artwork/Sprites/player/jump/player-jump-2.png using Guid(598fb1767626f42e992bb9c2769d86ea) Importer(815301076,1909f56bfc062723c751e8b465ee728b)  -> (artifact id: 'f3b1bee82c2193bc75f6c124d22b59ac') in 0.016248 seconds
  Import took 0.023945 seconds .

========================================================================
Received Import Request.
  Time since last request: 48.366592 seconds.
  path: Assets/Sunnyland/artwork/Sprites/player/idle/player-idle-1.png
  artifactKey: Guid(72de0c64f2c6a498096698322c976a67) Importer(815301076,1909f56bfc062723c751e8b465ee728b)
Start importing Assets/Sunnyland/artwork/Sprites/player/idle/player-idle-1.png using Guid(72de0c64f2c6a498096698322c976a67) Importer(815301076,1909f56bfc062723c751e8b465ee728b)  -> (artifact id: 'b3d6a61ac819868995b0ef944509d44b') in 0.106897 seconds
  Import took 0.188098 seconds .

